<?xml version="1.0" encoding="UTF-8"?>
<coverage generated="1677402910426" clover="3.2.0">
  <project timestamp="1677402910426" name="All files">
    <metrics statements="46" coveredstatements="46" conditionals="17" coveredconditionals="17" methods="11" coveredmethods="11" elements="74" coveredelements="74" complexity="0" loc="46" ncloc="46" packages="1" files="2" classes="2"/>
    <file name="getCurrentRates.ts" path="/Users/thaddeuslee/Development/cake-token-exercise/src/utils/getCurrentRates.ts">
      <metrics statements="16" coveredstatements="16" conditionals="3" coveredconditionals="3" methods="5" coveredmethods="5"/>
      <line num="1" count="1" type="stmt"/>
      <line num="3" count="1" type="stmt"/>
      <line num="23" count="1" type="stmt"/>
      <line num="25" count="1" type="stmt"/>
      <line num="29" count="2" type="stmt"/>
      <line num="30" count="2" type="stmt"/>
      <line num="32" count="1" type="stmt"/>
      <line num="33" count="3" type="cond" truecount="3" falsecount="0"/>
      <line num="35" count="1" type="stmt"/>
      <line num="36" count="1" type="stmt"/>
      <line num="38" count="1" type="stmt"/>
      <line num="39" count="1" type="stmt"/>
      <line num="41" count="1" type="stmt"/>
      <line num="42" count="1" type="stmt"/>
      <line num="45" count="1" type="stmt"/>
      <line num="48" count="1" type="stmt"/>
    </file>
    <file name="parseLines.ts" path="/Users/thaddeuslee/Development/cake-token-exercise/src/utils/parseLines.ts">
      <metrics statements="30" coveredstatements="30" conditionals="14" coveredconditionals="14" methods="6" coveredmethods="6"/>
      <line num="2" count="1" type="stmt"/>
      <line num="4" count="1" type="stmt"/>
      <line num="6" count="1" type="stmt"/>
      <line num="7" count="1" type="stmt"/>
      <line num="14" count="1" type="stmt"/>
      <line num="15" count="8" type="stmt"/>
      <line num="16" count="8" type="stmt"/>
      <line num="17" count="8" type="stmt"/>
      <line num="18" count="8" type="stmt"/>
      <line num="21" count="8" type="cond" truecount="2" falsecount="0"/>
      <line num="22" count="5" type="stmt"/>
      <line num="24" count="5" type="stmt"/>
      <line num="26" count="3" type="stmt"/>
      <line num="28" count="8" type="stmt"/>
      <line num="31" count="1" type="stmt"/>
      <line num="32" count="24" type="stmt"/>
      <line num="33" count="12" type="cond" truecount="2" falsecount="0"/>
      <line num="36" count="1" type="stmt"/>
      <line num="37" count="9" type="cond" truecount="2" falsecount="0"/>
      <line num="38" count="3" type="stmt"/>
      <line num="39" count="3" type="stmt"/>
      <line num="40" count="6" type="cond" truecount="2" falsecount="0"/>
      <line num="41" count="1" type="stmt"/>
      <line num="42" count="1" type="stmt"/>
      <line num="43" count="5" type="cond" truecount="4" falsecount="0"/>
      <line num="44" count="2" type="stmt"/>
      <line num="45" count="2" type="stmt"/>
      <line num="47" count="3" type="stmt"/>
      <line num="50" count="1" type="stmt"/>
      <line num="51" count="37" type="cond" truecount="2" falsecount="0"/>
    </file>
  </project>
</coverage>
