{"/Users/thaddeuslee/Development/cake-token-exercise/src/utils/getCurrentRates.ts": {"path":"/Users/thaddeuslee/Development/cake-token-exercise/src/utils/getCurrentRates.ts","statementMap":{"0":{"start":{"line":1,"column":18},"end":{"line":1,"column":41}},"1":{"start":{"line":3,"column":0},"end":{"line":3,"column":25}},"2":{"start":{"line":23,"column":13},"end":{"line":23,"column":null}},"3":{"start":{"line":29,"column":2},"end":{"line":50,"column":null}},"4":{"start":{"line":30,"column":4},"end":{"line":49,"column":null}},"5":{"start":{"line":32,"column":6},"end":{"line":44,"column":9}},"6":{"start":{"line":33,"column":8},"end":{"line":43,"column":null}},"7":{"start":{"line":35,"column":12},"end":{"line":35,"column":null}},"8":{"start":{"line":36,"column":12},"end":{"line":36,"column":17}},"9":{"start":{"line":38,"column":12},"end":{"line":38,"column":null}},"10":{"start":{"line":39,"column":12},"end":{"line":39,"column":17}},"11":{"start":{"line":41,"column":12},"end":{"line":41,"column":null}},"12":{"start":{"line":42,"column":12},"end":{"line":42,"column":17}},"13":{"start":{"line":45,"column":6},"end":{"line":45,"column":null}},"14":{"start":{"line":48,"column":6},"end":{"line":48,"column":null}},"15":{"start":{"line":25,"column":0},"end":{"line":25,"column":22}}},"fnMap":{"0":{"name":"getCurrentMarketRates","decl":{"start":{"line":25,"column":22},"end":{"line":25,"column":43}},"loc":{"start":{"line":25,"column":43},"end":{"line":52,"column":null}}},"1":{"name":"(anonymous_10)","decl":{"start":{"line":29,"column":21},"end":{"line":29,"column":22}},"loc":{"start":{"line":29,"column":41},"end":{"line":50,"column":3}}},"2":{"name":"(anonymous_11)","decl":{"start":{"line":31,"column":10},"end":{"line":31,"column":18}},"loc":{"start":{"line":31,"column":21},"end":{"line":46,"column":5}}},"3":{"name":"(anonymous_12)","decl":{"start":{"line":32,"column":33},"end":{"line":32,"column":34}},"loc":{"start":{"line":32,"column":54},"end":{"line":44,"column":7}}},"4":{"name":"(anonymous_13)","decl":{"start":{"line":47,"column":11},"end":{"line":47,"column":16}},"loc":{"start":{"line":47,"column":19},"end":{"line":49,"column":5}}}},"branchMap":{"0":{"loc":{"start":{"line":33,"column":8},"end":{"line":43,"column":null}},"type":"switch","locations":[{"start":{"line":34,"column":10},"end":{"line":36,"column":17}},{"start":{"line":37,"column":10},"end":{"line":39,"column":17}},{"start":{"line":40,"column":10},"end":{"line":42,"column":17}}]}},"s":{"0":1,"1":1,"2":1,"3":2,"4":2,"5":1,"6":3,"7":1,"8":1,"9":1,"10":1,"11":1,"12":1,"13":1,"14":1,"15":1},"f":{"0":2,"1":2,"2":1,"3":3,"4":1},"b":{"0":[1,1,1]}}
,"/Users/thaddeuslee/Development/cake-token-exercise/src/utils/parseLines.ts": {"path":"/Users/thaddeuslee/Development/cake-token-exercise/src/utils/parseLines.ts","statementMap":{"0":{"start":{"line":2,"column":18},"end":{"line":2,"column":41}},"1":{"start":{"line":4,"column":13},"end":{"line":4,"column":null}},"2":{"start":{"line":7,"column":2},"end":{"line":11,"column":null}},"3":{"start":{"line":6,"column":0},"end":{"line":6,"column":16}},"4":{"start":{"line":15,"column":36},"end":{"line":15,"column":59}},"5":{"start":{"line":16,"column":31},"end":{"line":16,"column":53}},"6":{"start":{"line":17,"column":35},"end":{"line":17,"column":47}},"7":{"start":{"line":18,"column":43},"end":{"line":18,"column":66}},"8":{"start":{"line":21,"column":2},"end":{"line":27,"column":null}},"9":{"start":{"line":22,"column":42},"end":{"line":23,"column":71}},"10":{"start":{"line":24,"column":4},"end":{"line":24,"column":null}},"11":{"start":{"line":26,"column":4},"end":{"line":26,"column":null}},"12":{"start":{"line":28,"column":2},"end":{"line":28,"column":null}},"13":{"start":{"line":14,"column":0},"end":{"line":14,"column":16}},"14":{"start":{"line":32,"column":16},"end":{"line":32,"column":59}},"15":{"start":{"line":32,"column":38},"end":{"line":32,"column":58}},"16":{"start":{"line":33,"column":2},"end":{"line":33,"column":null}},"17":{"start":{"line":31,"column":0},"end":{"line":31,"column":16}},"18":{"start":{"line":37,"column":2},"end":{"line":46,"column":null}},"19":{"start":{"line":38,"column":4},"end":{"line":38,"column":null}},"20":{"start":{"line":39,"column":4},"end":{"line":39,"column":null}},"21":{"start":{"line":40,"column":9},"end":{"line":46,"column":null}},"22":{"start":{"line":41,"column":4},"end":{"line":41,"column":null}},"23":{"start":{"line":42,"column":4},"end":{"line":42,"column":null}},"24":{"start":{"line":43,"column":9},"end":{"line":46,"column":null}},"25":{"start":{"line":44,"column":4},"end":{"line":44,"column":null}},"26":{"start":{"line":45,"column":4},"end":{"line":45,"column":null}},"27":{"start":{"line":47,"column":2},"end":{"line":47,"column":null}},"28":{"start":{"line":36,"column":0},"end":{"line":36,"column":16}},"29":{"start":{"line":51,"column":2},"end":{"line":51,"column":null}},"30":{"start":{"line":50,"column":0},"end":{"line":50,"column":16}}},"fnMap":{"0":{"name":"parseMarketRates","decl":{"start":{"line":6,"column":16},"end":{"line":6,"column":32}},"loc":{"start":{"line":6,"column":57},"end":{"line":12,"column":1}}},"1":{"name":"parseSale","decl":{"start":{"line":14,"column":16},"end":{"line":14,"column":25}},"loc":{"start":{"line":14,"column":71},"end":{"line":29,"column":1}}},"2":{"name":"isValidMarketRate","decl":{"start":{"line":31,"column":16},"end":{"line":31,"column":33}},"loc":{"start":{"line":31,"column":53},"end":{"line":34,"column":1}}},"3":{"name":"(anonymous_3)","decl":{"start":{"line":32,"column":32},"end":{"line":32,"column":34}},"loc":{"start":{"line":32,"column":38},"end":{"line":32,"column":58}}},"4":{"name":"isValidSale","decl":{"start":{"line":36,"column":16},"end":{"line":36,"column":27}},"loc":{"start":{"line":36,"column":66},"end":{"line":48,"column":1}}},"5":{"name":"isPositiveNumber","decl":{"start":{"line":50,"column":16},"end":{"line":50,"column":32}},"loc":{"start":{"line":50,"column":48},"end":{"line":52,"column":1}}}},"branchMap":{"0":{"loc":{"start":{"line":21,"column":2},"end":{"line":27,"column":null}},"type":"if","locations":[{"start":{"line":21,"column":2},"end":{"line":27,"column":null}},{"start":{"line":25,"column":9},"end":{"line":27,"column":null}}]},"1":{"loc":{"start":{"line":33,"column":9},"end":{"line":33,"column":40}},"type":"binary-expr","locations":[{"start":{"line":33,"column":9},"end":{"line":33,"column":31}},{"start":{"line":33,"column":35},"end":{"line":33,"column":40}}]},"2":{"loc":{"start":{"line":37,"column":2},"end":{"line":46,"column":null}},"type":"if","locations":[{"start":{"line":37,"column":2},"end":{"line":46,"column":null}},{"start":{"line":40,"column":9},"end":{"line":46,"column":null}}]},"3":{"loc":{"start":{"line":40,"column":9},"end":{"line":46,"column":null}},"type":"if","locations":[{"start":{"line":40,"column":9},"end":{"line":46,"column":null}},{"start":{"line":43,"column":9},"end":{"line":46,"column":null}}]},"4":{"loc":{"start":{"line":43,"column":9},"end":{"line":46,"column":null}},"type":"if","locations":[{"start":{"line":43,"column":9},"end":{"line":46,"column":null}}]},"5":{"loc":{"start":{"line":43,"column":13},"end":{"line":43,"column":114}},"type":"binary-expr","locations":[{"start":{"line":43,"column":13},"end":{"line":43,"column":44}},{"start":{"line":43,"column":48},"end":{"line":43,"column":79}},{"start":{"line":43,"column":83},"end":{"line":43,"column":114}}]},"6":{"loc":{"start":{"line":51,"column":9},"end":{"line":51,"column":55}},"type":"binary-expr","locations":[{"start":{"line":51,"column":9},"end":{"line":51,"column":32}},{"start":{"line":51,"column":36},"end":{"line":51,"column":55}}]}},"s":{"0":1,"1":1,"2":1,"3":1,"4":8,"5":8,"6":8,"7":8,"8":8,"9":5,"10":5,"11":3,"12":8,"13":1,"14":12,"15":24,"16":12,"17":1,"18":9,"19":3,"20":3,"21":6,"22":1,"23":1,"24":5,"25":2,"26":2,"27":3,"28":1,"29":37,"30":1},"f":{"0":1,"1":8,"2":12,"3":24,"4":9,"5":37},"b":{"0":[5,3],"1":[12,9],"2":[3,6],"3":[1,5],"4":[2],"5":[5,4,4],"6":[37,35]}}
}
