TN:
SF:src/utils/getCurrentRates.ts
FN:25,getCurrentMarketRates
FN:29,(anonymous_10)
FN:31,(anonymous_11)
FN:32,(anonymous_12)
FN:47,(anonymous_13)
FNF:5
FNH:5
FNDA:2,getCurrentMarketRates
FNDA:2,(anonymous_10)
FNDA:1,(anonymous_11)
FNDA:3,(anonymous_12)
FNDA:1,(anonymous_13)
DA:1,1
DA:3,1
DA:23,1
DA:25,1
DA:29,2
DA:30,2
DA:32,1
DA:33,3
DA:35,1
DA:36,1
DA:38,1
DA:39,1
DA:41,1
DA:42,1
DA:45,1
DA:48,1
LF:16
LH:16
BRDA:33,0,0,1
BRDA:33,0,1,1
BRDA:33,0,2,1
BRF:3
BRH:3
end_of_record
TN:
SF:src/utils/parseLines.ts
FN:6,parseMarketRates
FN:14,parseSale
FN:31,isValidMarketRate
FN:32,(anonymous_3)
FN:36,isValidSale
FN:50,isPositiveNumber
FNF:6
FNH:6
FNDA:1,parseMarketRates
FNDA:8,parseSale
FNDA:12,isValidMarketRate
FNDA:24,(anonymous_3)
FNDA:9,isValidSale
FNDA:37,isPositiveNumber
DA:2,1
DA:4,1
DA:6,1
DA:7,1
DA:14,1
DA:15,8
DA:16,8
DA:17,8
DA:18,8
DA:21,8
DA:22,5
DA:24,5
DA:26,3
DA:28,8
DA:31,1
DA:32,24
DA:33,12
DA:36,1
DA:37,9
DA:38,3
DA:39,3
DA:40,6
DA:41,1
DA:42,1
DA:43,5
DA:44,2
DA:45,2
DA:47,3
DA:50,1
DA:51,37
LF:30
LH:30
BRDA:21,0,0,5
BRDA:21,0,1,3
BRDA:33,1,0,12
BRDA:33,1,1,9
BRDA:37,2,0,3
BRDA:37,2,1,6
BRDA:40,3,0,1
BRDA:40,3,1,5
BRDA:43,4,0,2
BRDA:43,5,0,5
BRDA:43,5,1,4
BRDA:43,5,2,4
BRDA:51,6,0,37
BRDA:51,6,1,35
BRF:14
BRH:14
end_of_record
